[2022-09-04T12:44:29.669+0000] [glassfish 5.0] [INFO] [NCLS-LOGGING-00009] [javax.enterprise.logging] [tid: _ThreadID=40 _ThreadName=RunLevelControllerThread-1662295469586] [timeMillis: 1662295469669] [levelValue: 800] [[
  Running GlassFish Version: GlassFish Server Open Source Edition  5.0.1  (build 5)]]

[2022-09-04T12:44:29.671+0000] [glassfish 5.0] [INFO] [NCLS-LOGGING-00010] [javax.enterprise.logging] [tid: _ThreadID=40 _ThreadName=RunLevelControllerThread-1662295469586] [timeMillis: 1662295469671] [levelValue: 800] [[
  Server log file is using Formatter class: com.sun.enterprise.server.logging.ODLLogFormatter]]

[2022-09-04T12:44:29.763+0000] [glassfish 5.0] [INFO] [NCLS-SECURITY-01115] [javax.enterprise.system.core.security] [tid: _ThreadID=41 _ThreadName=RunLevelControllerThread-1662295469594] [timeMillis: 1662295469763] [levelValue: 800] [[
  Realm [admin-realm] of classtype [com.sun.enterprise.security.auth.realm.file.FileRealm] successfully created.]]

[2022-09-04T12:44:29.765+0000] [glassfish 5.0] [INFO] [NCLS-SECURITY-01115] [javax.enterprise.system.core.security] [tid: _ThreadID=41 _ThreadName=RunLevelControllerThread-1662295469594] [timeMillis: 1662295469765] [levelValue: 800] [[
  Realm [file] of classtype [com.sun.enterprise.security.auth.realm.file.FileRealm] successfully created.]]

[2022-09-04T12:44:29.768+0000] [glassfish 5.0] [INFO] [NCLS-SECURITY-01115] [javax.enterprise.system.core.security] [tid: _ThreadID=41 _ThreadName=RunLevelControllerThread-1662295469594] [timeMillis: 1662295469768] [levelValue: 800] [[
  Realm [certificate] of classtype [com.sun.enterprise.security.auth.realm.certificate.CertificateRealm] successfully created.]]

[2022-09-04T12:44:30.012+0000] [glassfish 5.0] [INFO] [] [org.hibernate.validator.internal.util.Version] [tid: _ThreadID=40 _ThreadName=RunLevelControllerThread-1662295469586] [timeMillis: 1662295470012] [levelValue: 800] [[
  HV000001: Hibernate Validator 6.0.10.Final]]

[2022-09-04T12:44:30.022+0000] [glassfish 5.0] [INFO] [SEC-SVCS-00100] [javax.enterprise.security.services] [tid: _ThreadID=42 _ThreadName=RunLevelControllerThread-1662295469594] [timeMillis: 1662295470022] [levelValue: 800] [[
  Authorization Service has successfully initialized.]]

[2022-09-04T12:44:30.062+0000] [glassfish 5.0] [INFO] [] [org.glassfish.ha.store.spi.BackingStoreFactoryRegistry] [tid: _ThreadID=39 _ThreadName=RunLevelControllerThread-1662295469585] [timeMillis: 1662295470062] [levelValue: 800] [[
  Registered org.glassfish.ha.store.adapter.cache.ShoalBackingStoreProxy for persistence-type = replicated in BackingStoreFactoryRegistry]]

[2022-09-04T12:44:30.169+0000] [glassfish 5.0] [INFO] [NCLS-CORE-00087] [javax.enterprise.system.core] [tid: _ThreadID=41 _ThreadName=RunLevelControllerThread-1662295469594] [timeMillis: 1662295470169] [levelValue: 800] [[
  Grizzly Framework 2.4.3 started in: 26ms - bound to [/0.0.0.0:31328]]]

[2022-09-04T12:44:30.188+0000] [glassfish 5.0] [INFO] [NCLS-CORE-00087] [javax.enterprise.system.core] [tid: _ThreadID=41 _ThreadName=RunLevelControllerThread-1662295469594] [timeMillis: 1662295470188] [levelValue: 800] [[
  Grizzly Framework 2.4.3 started in: 2ms - bound to [/0.0.0.0:31329]]]

[2022-09-04T12:44:30.196+0000] [glassfish 5.0] [INFO] [NCLS-CORE-00087] [javax.enterprise.system.core] [tid: _ThreadID=41 _ThreadName=RunLevelControllerThread-1662295469594] [timeMillis: 1662295470196] [levelValue: 800] [[
  Grizzly Framework 2.4.3 started in: 1ms - bound to [/0.0.0.0:31296]]]

[2022-09-04T12:44:30.235+0000] [glassfish 5.0] [INFO] [NCLS-CORE-00087] [javax.enterprise.system.core] [tid: _ThreadID=39 _ThreadName=RunLevelControllerThread-1662295469585] [timeMillis: 1662295470235] [levelValue: 800] [[
  Grizzly Framework 2.4.3 started in: 1ms - bound to [/0.0.0.0:31285]]]

[2022-09-04T12:44:30.440+0000] [glassfish 5.0] [INFO] [NCLS-CORE-00017] [javax.enterprise.system.core] [tid: _ThreadID=1 _ThreadName=main] [timeMillis: 1662295470440] [levelValue: 800] [[
  GlassFish Server Open Source Edition  5.0.1  (5) startup time : Felix (3,876ms), startup services(859ms), total(4,735ms)]]

[2022-09-04T12:44:30.542+0000] [glassfish 5.0] [INFO] [jts.startup_msg] [javax.enterprise.system.core.transaction.com.sun.jts.CosTransactions] [tid: _ThreadID=39 _ThreadName=RunLevelControllerThread-1662295469585] [timeMillis: 1662295470542] [levelValue: 800] [[
  JTS5014: Recoverable JTS instance, serverId = [100]]]

[2022-09-04T12:44:30.643+0000] [glassfish 5.0] [INFO] [NCLS-JMX-00005] [javax.enterprise.system.jmx] [tid: _ThreadID=83 _ThreadName=Thread-14] [timeMillis: 1662295470643] [levelValue: 800] [[
  JMXStartupService has started JMXConnector on JMXService URL service:jmx:rmi://muhyideens-mbp:31334/jndi/rmi://muhyideens-mbp:31334/jmxrmi]]

[2022-09-04T12:44:30.729+0000] [glassfish 5.0] [INFO] [NCLS-CORE-00087] [javax.enterprise.system.core] [tid: _ThreadID=40 _ThreadName=RunLevelControllerThread-1662295469586] [timeMillis: 1662295470729] [levelValue: 800] [[
  Grizzly Framework 2.4.3 started in: 1ms - bound to [/0.0.0.0:38924]]]

[2022-09-04T12:44:30.730+0000] [glassfish 5.0] [INFO] [NCLS-BOOTSTRAP-00027] [javax.enterprise.bootstrap] [tid: _ThreadID=1 _ThreadName=main] [timeMillis: 1662295470730] [levelValue: 800] [[
  Registered com.sun.enterprise.glassfish.bootstrap.osgi.EmbeddedOSGiGlassFishImpl@14924f41 as OSGi service registration: org.apache.felix.framework.ServiceRegistrationImpl@493da830.]]

[2022-09-04T12:44:30.769+0000] [glassfish 5.0] [INFO] [] [org.jvnet.hk2.osgiadapter] [tid: _ThreadID=30 _ThreadName=FelixStartLevel] [timeMillis: 1662295470769] [levelValue: 800] [[
  Skipping registration of inhabitant for service reference [org.osgi.service.cm.ManagedService] as the service object could not be obtained.]]

[2022-09-04T12:44:30.769+0000] [glassfish 5.0] [INFO] [] [org.jvnet.hk2.osgiadapter] [tid: _ThreadID=30 _ThreadName=FelixStartLevel] [timeMillis: 1662295470769] [levelValue: 800] [[
  Skipping registration of inhabitant for service reference [org.osgi.service.metatype.MetaTypeProvider] as the service object could not be obtained.]]

[2022-09-04T12:44:33.736+0000] [glassfish 5.0] [INFO] [NCLS-CORE-00087] [javax.enterprise.system.core] [tid: _ThreadID=95 _ThreadName=pool-13-thread-1] [timeMillis: 1662295473736] [levelValue: 800] [[
  Grizzly Framework 2.4.3 started in: 1ms - bound to [/0.0.0.0:31329]]]

[2022-09-04T12:44:33.845+0000] [glassfish 5.0] [INFO] [NCLS-CORE-00087] [javax.enterprise.system.core] [tid: _ThreadID=76 _ThreadName=pool-10-thread-1] [timeMillis: 1662295473845] [levelValue: 800] [[
  Grizzly Framework 2.4.3 started in: 1ms - bound to [/0.0.0.0:31328]]]

[2022-09-04T12:44:34.003+0000] [glassfish 5.0] [INFO] [] [javax.enterprise.system.tools.deployment.common] [tid: _ThreadID=68 _ThreadName=admin-listener(5)] [timeMillis: 1662295474003] [levelValue: 800] [[
  visiting unvisited references]]

[2022-09-04T12:44:34.154+0000] [glassfish 5.0] [INFO] [NCLS-SECURITY-01002] [javax.enterprise.system.core.security] [tid: _ThreadID=68 _ThreadName=admin-listener(5)] [timeMillis: 1662295474154] [levelValue: 800] [[
  Java security manager is disabled.]]

[2022-09-04T12:44:34.155+0000] [glassfish 5.0] [INFO] [NCLS-SECURITY-01010] [javax.enterprise.system.core.security] [tid: _ThreadID=68 _ThreadName=admin-listener(5)] [timeMillis: 1662295474155] [levelValue: 800] [[
  Entering Security Startup Service.]]

[2022-09-04T12:44:34.158+0000] [glassfish 5.0] [INFO] [NCLS-SECURITY-01143] [javax.enterprise.system.core.security] [tid: _ThreadID=68 _ThreadName=admin-listener(5)] [timeMillis: 1662295474158] [levelValue: 800] [[
  Loading policy provider com.sun.enterprise.security.provider.PolicyWrapper.]]

[2022-09-04T12:44:34.187+0000] [glassfish 5.0] [INFO] [NCLS-SECURITY-01011] [javax.enterprise.system.core.security] [tid: _ThreadID=68 _ThreadName=admin-listener(5)] [timeMillis: 1662295474187] [levelValue: 800] [[
  Security Service(s) started successfully.]]

[2022-09-04T12:44:34.393+0000] [glassfish 5.0] [INFO] [AS-WEB-GLUE-00198] [javax.enterprise.web] [tid: _ThreadID=68 _ThreadName=admin-listener(5)] [timeMillis: 1662295474393] [levelValue: 800] [[
  Created HTTP listener http-listener-1 on host/port 0.0.0.0:31328]]

[2022-09-04T12:44:34.400+0000] [glassfish 5.0] [INFO] [AS-WEB-GLUE-00198] [javax.enterprise.web] [tid: _ThreadID=68 _ThreadName=admin-listener(5)] [timeMillis: 1662295474400] [levelValue: 800] [[
  Created HTTP listener http-listener-2 on host/port 0.0.0.0:31329]]

[2022-09-04T12:44:34.403+0000] [glassfish 5.0] [INFO] [AS-WEB-GLUE-00198] [javax.enterprise.web] [tid: _ThreadID=68 _ThreadName=admin-listener(5)] [timeMillis: 1662295474403] [levelValue: 800] [[
  Created HTTP listener admin-listener on host/port 0.0.0.0:31296]]

[2022-09-04T12:44:34.422+0000] [glassfish 5.0] [INFO] [AS-WEB-GLUE-00200] [javax.enterprise.web] [tid: _ThreadID=68 _ThreadName=admin-listener(5)] [timeMillis: 1662295474422] [levelValue: 800] [[
  Created virtual server server]]

[2022-09-04T12:44:34.424+0000] [glassfish 5.0] [INFO] [AS-WEB-GLUE-00200] [javax.enterprise.web] [tid: _ThreadID=68 _ThreadName=admin-listener(5)] [timeMillis: 1662295474424] [levelValue: 800] [[
  Created virtual server __asadmin]]

[2022-09-04T12:44:34.587+0000] [glassfish 5.0] [INFO] [AS-WEB-CORE-00306] [javax.enterprise.web.core] [tid: _ThreadID=68 _ThreadName=admin-listener(5)] [timeMillis: 1662295474587] [levelValue: 800] [[
  Setting JAAS app name glassfish-web]]

[2022-09-04T12:44:34.588+0000] [glassfish 5.0] [INFO] [AS-WEB-GLUE-00201] [javax.enterprise.web] [tid: _ThreadID=68 _ThreadName=admin-listener(5)] [timeMillis: 1662295474588] [levelValue: 800] [[
  Virtual server server loaded default web module ]]

[2022-09-04T12:44:34.826+0000] [glassfish 5.0] [INFO] [] [javax.enterprise.system.tools.deployment.common] [tid: _ThreadID=68 _ThreadName=admin-listener(5)] [timeMillis: 1662295474826] [levelValue: 800] [[
  visiting unvisited references]]

[2022-09-04T12:44:34.869+0000] [glassfish 5.0] [INFO] [] [javax.enterprise.system.tools.deployment.common] [tid: _ThreadID=68 _ThreadName=admin-listener(5)] [timeMillis: 1662295474869] [levelValue: 800] [[
  visiting unvisited references]]

[2022-09-04T12:44:35.034+0000] [glassfish 5.0] [INFO] [AS-WEB-GLUE-00172] [javax.enterprise.web] [tid: _ThreadID=68 _ThreadName=admin-listener(5)] [timeMillis: 1662295475034] [levelValue: 800] [[
  Loading application [ChattBank] at [/ChattBank]]]

[2022-09-04T12:44:35.081+0000] [glassfish 5.0] [INFO] [] [javax.enterprise.system.core] [tid: _ThreadID=68 _ThreadName=admin-listener(5)] [timeMillis: 1662295475081] [levelValue: 800] [[
  ChattBank was successfully deployed in 1,198 milliseconds.]]

[2022-09-04T15:19:14.935+0000] [glassfish 5.0] [INFO] [] [javax.enterprise.system.tools.deployment.common] [tid: _ThreadID=65 _ThreadName=admin-listener(2)] [timeMillis: 1662304754935] [levelValue: 800] [[
  visiting unvisited references]]

[2022-09-04T15:19:14.943+0000] [glassfish 5.0] [INFO] [] [javax.enterprise.system.tools.deployment.common] [tid: _ThreadID=65 _ThreadName=admin-listener(2)] [timeMillis: 1662304754943] [levelValue: 800] [[
  visiting unvisited references]]

[2022-09-04T15:19:14.948+0000] [glassfish 5.0] [INFO] [] [javax.enterprise.system.tools.deployment.common] [tid: _ThreadID=65 _ThreadName=admin-listener(2)] [timeMillis: 1662304754948] [levelValue: 800] [[
  visiting unvisited references]]

[2022-09-04T15:19:15.010+0000] [glassfish 5.0] [INFO] [AS-WEB-GLUE-00172] [javax.enterprise.web] [tid: _ThreadID=65 _ThreadName=admin-listener(2)] [timeMillis: 1662304755010] [levelValue: 800] [[
  Loading application [ChattBank] at [/ChattBank]]]

[2022-09-04T15:19:15.018+0000] [glassfish 5.0] [INFO] [] [javax.enterprise.system.core] [tid: _ThreadID=65 _ThreadName=admin-listener(2)] [timeMillis: 1662304755018] [levelValue: 800] [[
  ChattBank was successfully deployed in 137 milliseconds.]]

[2022-09-04T15:19:50.658+0000] [glassfish 5.0] [INFO] [] [javax.enterprise.system.tools.deployment.common] [tid: _ThreadID=66 _ThreadName=admin-listener(3)] [timeMillis: 1662304790658] [levelValue: 800] [[
  visiting unvisited references]]

[2022-09-04T15:19:50.664+0000] [glassfish 5.0] [INFO] [] [javax.enterprise.system.tools.deployment.common] [tid: _ThreadID=66 _ThreadName=admin-listener(3)] [timeMillis: 1662304790664] [levelValue: 800] [[
  visiting unvisited references]]

[2022-09-04T15:19:50.667+0000] [glassfish 5.0] [INFO] [] [javax.enterprise.system.tools.deployment.common] [tid: _ThreadID=66 _ThreadName=admin-listener(3)] [timeMillis: 1662304790667] [levelValue: 800] [[
  visiting unvisited references]]

[2022-09-04T15:19:50.933+0000] [glassfish 5.0] [INFO] [AS-WEB-GLUE-00172] [javax.enterprise.web] [tid: _ThreadID=66 _ThreadName=admin-listener(3)] [timeMillis: 1662304790933] [levelValue: 800] [[
  Loading application [ChattBank] at [/ChattBank]]]

[2022-09-04T15:19:50.978+0000] [glassfish 5.0] [INFO] [] [javax.enterprise.system.core] [tid: _ThreadID=66 _ThreadName=admin-listener(3)] [timeMillis: 1662304790978] [levelValue: 800] [[
  ChattBank was successfully deployed in 360 milliseconds.]]

[2022-09-04T15:41:39.650+0000] [glassfish 5.0] [INFO] [] [javax.enterprise.system.tools.deployment.common] [tid: _ThreadID=64 _ThreadName=admin-listener(1)] [timeMillis: 1662306099650] [levelValue: 800] [[
  visiting unvisited references]]

[2022-09-04T15:41:39.660+0000] [glassfish 5.0] [INFO] [] [javax.enterprise.system.tools.deployment.common] [tid: _ThreadID=64 _ThreadName=admin-listener(1)] [timeMillis: 1662306099660] [levelValue: 800] [[
  visiting unvisited references]]

[2022-09-04T15:41:39.664+0000] [glassfish 5.0] [INFO] [] [javax.enterprise.system.tools.deployment.common] [tid: _ThreadID=64 _ThreadName=admin-listener(1)] [timeMillis: 1662306099664] [levelValue: 800] [[
  visiting unvisited references]]

[2022-09-04T15:41:39.713+0000] [glassfish 5.0] [INFO] [AS-WEB-GLUE-00172] [javax.enterprise.web] [tid: _ThreadID=64 _ThreadName=admin-listener(1)] [timeMillis: 1662306099713] [levelValue: 800] [[
  Loading application [ChattBank] at [/ChattBank]]]

[2022-09-04T15:41:39.719+0000] [glassfish 5.0] [INFO] [] [javax.enterprise.system.core] [tid: _ThreadID=64 _ThreadName=admin-listener(1)] [timeMillis: 1662306099719] [levelValue: 800] [[
  ChattBank was successfully deployed in 123 milliseconds.]]

[2022-09-04T15:42:06.958+0000] [glassfish 5.0] [INFO] [NCLS-CORE-00092] [javax.enterprise.system.core] [tid: _ThreadID=205 _ThreadName=Thread-45] [timeMillis: 1662306126958] [levelValue: 800] [[
  Server shutdown initiated]]

[2022-09-04T15:42:06.965+0000] [glassfish 5.0] [INFO] [NCLS-BOOTSTRAP-00028] [javax.enterprise.bootstrap] [tid: _ThreadID=205 _ThreadName=Thread-45] [timeMillis: 1662306126965] [levelValue: 800] [[
  Unregistered com.sun.enterprise.glassfish.bootstrap.osgi.EmbeddedOSGiGlassFishImpl@14924f41 from service registry.]]

[2022-09-04T15:42:06.966+0000] [glassfish 5.0] [INFO] [] [] [tid: _ThreadID=205 _ThreadName=Thread-9] [timeMillis: 1662306126966] [levelValue: 800] [[
  FileMonitoring shutdown]]

[2022-09-04T15:42:06.972+0000] [glassfish 5.0] [SEVERE] [] [] [tid: _ThreadID=205 _ThreadName=Thread-10] [timeMillis: 1662306126972] [levelValue: 1000] [[
  java.io.IOException: Cannot bind to URL: javax.naming.ConfigurationException [Root exception is java.rmi.UnknownHostException: Unknown host: muhyideens-mbp; nested exception is: 
	java.net.UnknownHostException: muhyideens-mbp]
	at javax.management.remote.rmi.RMIConnectorServer.newIOException(RMIConnectorServer.java:827)
	at javax.management.remote.rmi.RMIConnectorServer.stop(RMIConnectorServer.java:570)
	at org.glassfish.admin.mbeanserver.ConnectorStarter.stop(ConnectorStarter.java:126)
	at org.glassfish.admin.mbeanserver.RMIConnectorStarter.stopAndUnexport(RMIConnectorStarter.java:330)
	at org.glassfish.admin.mbeanserver.JMXStartupService$JMXConnectorsStarterThread.shutdown(JMXStartupService.java:259)
	at org.glassfish.admin.mbeanserver.JMXStartupService.shutdown(JMXStartupService.java:204)
	at org.glassfish.admin.mbeanserver.JMXStartupService.access$000(JMXStartupService.java:97)
	at org.glassfish.admin.mbeanserver.JMXStartupService$ShutdownListener.event(JMXStartupService.java:164)
	at org.glassfish.kernel.event.EventsImpl.send(EventsImpl.java:131)
	at com.sun.enterprise.v3.server.AppServerStartup.stop(AppServerStartup.java:480)
	at com.sun.enterprise.glassfish.bootstrap.GlassFishImpl.stop(GlassFishImpl.java:88)
	at com.sun.enterprise.glassfish.bootstrap.GlassFishDecorator.stop(GlassFishDecorator.java:67)
	at com.sun.enterprise.glassfish.bootstrap.osgi.EmbeddedOSGiGlassFishImpl.stop(EmbeddedOSGiGlassFishImpl.java:81)
	at com.sun.enterprise.v3.admin.StopServer.doExecute(StopServer.java:79)
	at com.sun.enterprise.v3.admin.StopDomainCommand.execute(StopDomainCommand.java:97)
	at com.sun.enterprise.v3.admin.CommandRunnerImpl$2$1.run(CommandRunnerImpl.java:540)
	at com.sun.enterprise.v3.admin.CommandRunnerImpl$2$1.run(CommandRunnerImpl.java:536)
	at java.security.AccessController.doPrivileged(Native Method)
	at javax.security.auth.Subject.doAs(Subject.java:360)
	at com.sun.enterprise.v3.admin.CommandRunnerImpl$2.execute(CommandRunnerImpl.java:535)
	at org.glassfish.api.AsyncImpl$1$1.run(AsyncImpl.java:77)
Caused by: javax.naming.ConfigurationException [Root exception is java.rmi.UnknownHostException: Unknown host: muhyideens-mbp; nested exception is: 
	java.net.UnknownHostException: muhyideens-mbp]
	at com.sun.jndi.rmi.registry.RegistryContext.unbind(RegistryContext.java:181)
	at com.sun.jndi.toolkit.url.GenericURLContext.unbind(GenericURLContext.java:274)
	at javax.naming.InitialContext.unbind(InitialContext.java:441)
	at javax.naming.InitialContext.unbind(InitialContext.java:441)
	at javax.management.remote.rmi.RMIConnectorServer.stop(RMIConnectorServer.java:562)
	... 19 more
Caused by: java.rmi.UnknownHostException: Unknown host: muhyideens-mbp; nested exception is: 
	java.net.UnknownHostException: muhyideens-mbp
	at sun.rmi.transport.tcp.TCPEndpoint.newSocket(TCPEndpoint.java:616)
	at sun.rmi.transport.tcp.TCPChannel.createConnection(TCPChannel.java:216)
	at sun.rmi.transport.tcp.TCPChannel.newConnection(TCPChannel.java:202)
	at sun.rmi.server.UnicastRef.newCall(UnicastRef.java:342)
	at sun.rmi.registry.RegistryImpl_Stub.unbind(Unknown Source)
	at com.sun.jndi.rmi.registry.RegistryContext.unbind(RegistryContext.java:177)
	... 23 more
Caused by: java.net.UnknownHostException: muhyideens-mbp
	at java.net.AbstractPlainSocketImpl.connect(AbstractPlainSocketImpl.java:184)
	at java.net.SocksSocketImpl.connect(SocksSocketImpl.java:392)
	at java.net.Socket.connect(Socket.java:589)
	at java.net.Socket.connect(Socket.java:538)
	at java.net.Socket.<init>(Socket.java:434)
	at java.net.Socket.<init>(Socket.java:211)
	at sun.rmi.transport.proxy.RMIDirectSocketFactory.createSocket(RMIDirectSocketFactory.java:40)
	at sun.rmi.transport.proxy.RMIMasterSocketFactory.createSocket(RMIMasterSocketFactory.java:148)
	at sun.rmi.transport.tcp.TCPEndpoint.newSocket(TCPEndpoint.java:613)
	... 28 more
]]

[2022-09-04T15:42:06.973+0000] [glassfish 5.0] [INFO] [NCLS-JMX-00002] [javax.enterprise.system.jmx] [tid: _ThreadID=205 _ThreadName=Thread-45] [timeMillis: 1662306126973] [levelValue: 800] [[
  JMXStartupService: Stopped JMXConnectorServer: null]]

[2022-09-04T15:42:06.973+0000] [glassfish 5.0] [INFO] [NCLS-JMX-00001] [javax.enterprise.system.jmx] [tid: _ThreadID=205 _ThreadName=Thread-45] [timeMillis: 1662306126973] [levelValue: 800] [[
  JMXStartupService and JMXConnectors have been shut down.]]

[2022-09-04T15:42:07.044+0000] [glassfish 5.0] [INFO] [] [] [tid: _ThreadID=211 _ThreadName=Thread-9] [timeMillis: 1662306127044] [levelValue: 800] [[
  JdbcRuntimeExtension,  getAllSystemRAResourcesAndPools = [GlassFishConfigBean.org.glassfish.jdbc.config.JdbcResource, GlassFishConfigBean.org.glassfish.jdbc.config.JdbcResource, GlassFishConfigBean.org.glassfish.jdbc.config.JdbcResource, GlassFishConfigBean.org.glassfish.jdbc.config.JdbcConnectionPool, GlassFishConfigBean.org.glassfish.jdbc.config.JdbcConnectionPool, GlassFishConfigBean.org.glassfish.jdbc.config.JdbcConnectionPool]]]

[2022-09-04T15:42:17.258+0000] [glassfish 5.0] [INFO] [NCLS-LOGGING-00009] [javax.enterprise.logging] [tid: _ThreadID=30 _ThreadName=RunLevelControllerThread-1662306137187] [timeMillis: 1662306137258] [levelValue: 800] [[
  Running GlassFish Version: GlassFish Server Open Source Edition  5.0.1  (build 5)]]

[2022-09-04T15:42:17.260+0000] [glassfish 5.0] [INFO] [NCLS-LOGGING-00010] [javax.enterprise.logging] [tid: _ThreadID=30 _ThreadName=RunLevelControllerThread-1662306137187] [timeMillis: 1662306137260] [levelValue: 800] [[
  Server log file is using Formatter class: com.sun.enterprise.server.logging.ODLLogFormatter]]

[2022-09-04T15:42:17.339+0000] [glassfish 5.0] [INFO] [NCLS-SECURITY-01115] [javax.enterprise.system.core.security] [tid: _ThreadID=31 _ThreadName=RunLevelControllerThread-1662306137190] [timeMillis: 1662306137339] [levelValue: 800] [[
  Realm [admin-realm] of classtype [com.sun.enterprise.security.auth.realm.file.FileRealm] successfully created.]]

[2022-09-04T15:42:17.340+0000] [glassfish 5.0] [INFO] [NCLS-SECURITY-01115] [javax.enterprise.system.core.security] [tid: _ThreadID=31 _ThreadName=RunLevelControllerThread-1662306137190] [timeMillis: 1662306137340] [levelValue: 800] [[
  Realm [file] of classtype [com.sun.enterprise.security.auth.realm.file.FileRealm] successfully created.]]

[2022-09-04T15:42:17.344+0000] [glassfish 5.0] [INFO] [NCLS-SECURITY-01115] [javax.enterprise.system.core.security] [tid: _ThreadID=31 _ThreadName=RunLevelControllerThread-1662306137190] [timeMillis: 1662306137344] [levelValue: 800] [[
  Realm [certificate] of classtype [com.sun.enterprise.security.auth.realm.certificate.CertificateRealm] successfully created.]]

[2022-09-04T15:42:17.558+0000] [glassfish 5.0] [INFO] [SEC-SVCS-00100] [javax.enterprise.security.services] [tid: _ThreadID=32 _ThreadName=RunLevelControllerThread-1662306137190] [timeMillis: 1662306137558] [levelValue: 800] [[
  Authorization Service has successfully initialized.]]

[2022-09-04T15:42:17.603+0000] [glassfish 5.0] [INFO] [] [org.glassfish.ha.store.spi.BackingStoreFactoryRegistry] [tid: _ThreadID=32 _ThreadName=RunLevelControllerThread-1662306137190] [timeMillis: 1662306137603] [levelValue: 800] [[
  Registered org.glassfish.ha.store.adapter.cache.ShoalBackingStoreProxy for persistence-type = replicated in BackingStoreFactoryRegistry]]

[2022-09-04T15:42:17.606+0000] [glassfish 5.0] [INFO] [jts.startup_msg] [javax.enterprise.system.core.transaction.com.sun.jts.CosTransactions] [tid: _ThreadID=29 _ThreadName=RunLevelControllerThread-1662306137186] [timeMillis: 1662306137606] [levelValue: 800] [[
  JTS5014: Recoverable JTS instance, serverId = [100]]]

[2022-09-04T15:42:17.691+0000] [glassfish 5.0] [INFO] [NCLS-CORE-00087] [javax.enterprise.system.core] [tid: _ThreadID=31 _ThreadName=RunLevelControllerThread-1662306137190] [timeMillis: 1662306137691] [levelValue: 800] [[
  Grizzly Framework 2.4.3 started in: 29ms - bound to [/0.0.0.0:31328]]]

[2022-09-04T15:42:17.713+0000] [glassfish 5.0] [INFO] [NCLS-CORE-00087] [javax.enterprise.system.core] [tid: _ThreadID=31 _ThreadName=RunLevelControllerThread-1662306137190] [timeMillis: 1662306137713] [levelValue: 800] [[
  Grizzly Framework 2.4.3 started in: 1ms - bound to [/0.0.0.0:31329]]]

[2022-09-04T15:42:17.718+0000] [glassfish 5.0] [INFO] [NCLS-CORE-00087] [javax.enterprise.system.core] [tid: _ThreadID=31 _ThreadName=RunLevelControllerThread-1662306137190] [timeMillis: 1662306137718] [levelValue: 800] [[
  Grizzly Framework 2.4.3 started in: 1ms - bound to [/0.0.0.0:31296]]]

[2022-09-04T15:42:17.744+0000] [glassfish 5.0] [INFO] [] [javax.enterprise.system.tools.deployment.common] [tid: _ThreadID=29 _ThreadName=RunLevelControllerThread-1662306137186] [timeMillis: 1662306137744] [levelValue: 800] [[
  visiting unvisited references]]

[2022-09-04T15:42:17.749+0000] [glassfish 5.0] [INFO] [NCLS-CORE-00087] [javax.enterprise.system.core] [tid: _ThreadID=30 _ThreadName=RunLevelControllerThread-1662306137187] [timeMillis: 1662306137749] [levelValue: 800] [[
  Grizzly Framework 2.4.3 started in: 0ms - bound to [/0.0.0.0:31285]]]

[2022-09-04T15:42:17.909+0000] [glassfish 5.0] [INFO] [NCLS-SECURITY-01002] [javax.enterprise.system.core.security] [tid: _ThreadID=29 _ThreadName=RunLevelControllerThread-1662306137186] [timeMillis: 1662306137909] [levelValue: 800] [[
  Java security manager is disabled.]]

[2022-09-04T15:42:17.909+0000] [glassfish 5.0] [INFO] [NCLS-SECURITY-01010] [javax.enterprise.system.core.security] [tid: _ThreadID=29 _ThreadName=RunLevelControllerThread-1662306137186] [timeMillis: 1662306137909] [levelValue: 800] [[
  Entering Security Startup Service.]]

[2022-09-04T15:42:17.912+0000] [glassfish 5.0] [INFO] [NCLS-SECURITY-01143] [javax.enterprise.system.core.security] [tid: _ThreadID=29 _ThreadName=RunLevelControllerThread-1662306137186] [timeMillis: 1662306137912] [levelValue: 800] [[
  Loading policy provider com.sun.enterprise.security.provider.PolicyWrapper.]]

[2022-09-04T15:42:17.938+0000] [glassfish 5.0] [INFO] [NCLS-SECURITY-01011] [javax.enterprise.system.core.security] [tid: _ThreadID=29 _ThreadName=RunLevelControllerThread-1662306137186] [timeMillis: 1662306137938] [levelValue: 800] [[
  Security Service(s) started successfully.]]

[2022-09-04T15:42:18.157+0000] [glassfish 5.0] [INFO] [AS-WEB-GLUE-00198] [javax.enterprise.web] [tid: _ThreadID=29 _ThreadName=RunLevelControllerThread-1662306137186] [timeMillis: 1662306138157] [levelValue: 800] [[
  Created HTTP listener http-listener-1 on host/port 0.0.0.0:31328]]

[2022-09-04T15:42:18.163+0000] [glassfish 5.0] [INFO] [AS-WEB-GLUE-00198] [javax.enterprise.web] [tid: _ThreadID=29 _ThreadName=RunLevelControllerThread-1662306137186] [timeMillis: 1662306138163] [levelValue: 800] [[
  Created HTTP listener http-listener-2 on host/port 0.0.0.0:31329]]

[2022-09-04T15:42:18.165+0000] [glassfish 5.0] [INFO] [AS-WEB-GLUE-00198] [javax.enterprise.web] [tid: _ThreadID=29 _ThreadName=RunLevelControllerThread-1662306137186] [timeMillis: 1662306138165] [levelValue: 800] [[
  Created HTTP listener admin-listener on host/port 0.0.0.0:31296]]

[2022-09-04T15:42:18.185+0000] [glassfish 5.0] [INFO] [AS-WEB-GLUE-00200] [javax.enterprise.web] [tid: _ThreadID=29 _ThreadName=RunLevelControllerThread-1662306137186] [timeMillis: 1662306138185] [levelValue: 800] [[
  Created virtual server server]]

[2022-09-04T15:42:18.187+0000] [glassfish 5.0] [INFO] [AS-WEB-GLUE-00200] [javax.enterprise.web] [tid: _ThreadID=29 _ThreadName=RunLevelControllerThread-1662306137186] [timeMillis: 1662306138187] [levelValue: 800] [[
  Created virtual server __asadmin]]

[2022-09-04T15:42:18.367+0000] [glassfish 5.0] [INFO] [AS-WEB-CORE-00306] [javax.enterprise.web.core] [tid: _ThreadID=29 _ThreadName=RunLevelControllerThread-1662306137186] [timeMillis: 1662306138367] [levelValue: 800] [[
  Setting JAAS app name glassfish-web]]

[2022-09-04T15:42:18.368+0000] [glassfish 5.0] [INFO] [AS-WEB-GLUE-00201] [javax.enterprise.web] [tid: _ThreadID=29 _ThreadName=RunLevelControllerThread-1662306137186] [timeMillis: 1662306138368] [levelValue: 800] [[
  Virtual server server loaded default web module ]]

[2022-09-04T15:42:18.697+0000] [glassfish 5.0] [INFO] [] [javax.enterprise.system.tools.deployment.common] [tid: _ThreadID=29 _ThreadName=RunLevelControllerThread-1662306137186] [timeMillis: 1662306138697] [levelValue: 800] [[
  visiting unvisited references]]

[2022-09-04T15:42:18.733+0000] [glassfish 5.0] [INFO] [] [javax.enterprise.system.tools.deployment.common] [tid: _ThreadID=29 _ThreadName=RunLevelControllerThread-1662306137186] [timeMillis: 1662306138733] [levelValue: 800] [[
  visiting unvisited references]]

[2022-09-04T15:42:18.864+0000] [glassfish 5.0] [INFO] [AS-WEB-GLUE-00172] [javax.enterprise.web] [tid: _ThreadID=29 _ThreadName=RunLevelControllerThread-1662306137186] [timeMillis: 1662306138864] [levelValue: 800] [[
  Loading application [ChattBank] at [/ChattBank]]]

[2022-09-04T15:42:18.865+0000] [glassfish 5.0] [INFO] [NCLS-CORE-00022] [javax.enterprise.system.core] [tid: _ThreadID=29 _ThreadName=RunLevelControllerThread-1662306137186] [timeMillis: 1662306138865] [levelValue: 800] [[
  Loading application ChattBank done in 1,314 ms]]

[2022-09-04T15:42:18.866+0000] [glassfish 5.0] [INFO] [NCLS-CORE-00017] [javax.enterprise.system.core] [tid: _ThreadID=1 _ThreadName=main] [timeMillis: 1662306138866] [levelValue: 800] [[
  GlassFish Server Open Source Edition  5.0.1  (5) startup time : Felix (1,613ms), startup services(1,684ms), total(3,297ms)]]

[2022-09-04T15:42:18.905+0000] [glassfish 5.0] [INFO] [NCLS-CORE-00087] [javax.enterprise.system.core] [tid: _ThreadID=30 _ThreadName=RunLevelControllerThread-1662306137187] [timeMillis: 1662306138905] [levelValue: 800] [[
  Grizzly Framework 2.4.3 started in: 1ms - bound to [/0.0.0.0:38924]]]

[2022-09-04T15:42:18.946+0000] [glassfish 5.0] [INFO] [NCLS-BOOTSTRAP-00027] [javax.enterprise.bootstrap] [tid: _ThreadID=1 _ThreadName=main] [timeMillis: 1662306138946] [levelValue: 800] [[
  Registered com.sun.enterprise.glassfish.bootstrap.osgi.EmbeddedOSGiGlassFishImpl@5f14a673 as OSGi service registration: org.apache.felix.framework.ServiceRegistrationImpl@726a17c4.]]

[2022-09-04T15:42:18.986+0000] [glassfish 5.0] [INFO] [] [org.jvnet.hk2.osgiadapter] [tid: _ThreadID=20 _ThreadName=FelixStartLevel] [timeMillis: 1662306138986] [levelValue: 800] [[
  Skipping registration of inhabitant for service reference [org.osgi.service.cm.ManagedService] as the service object could not be obtained.]]

[2022-09-04T15:42:18.987+0000] [glassfish 5.0] [INFO] [] [org.jvnet.hk2.osgiadapter] [tid: _ThreadID=20 _ThreadName=FelixStartLevel] [timeMillis: 1662306138987] [levelValue: 800] [[
  Skipping registration of inhabitant for service reference [org.osgi.service.metatype.MetaTypeProvider] as the service object could not be obtained.]]

[2022-09-04T15:42:19.017+0000] [glassfish 5.0] [INFO] [NCLS-JMX-00005] [javax.enterprise.system.jmx] [tid: _ThreadID=75 _ThreadName=Thread-17] [timeMillis: 1662306139017] [levelValue: 800] [[
  JMXStartupService has started JMXConnector on JMXService URL service:jmx:rmi://muhyideens-mbp:31334/jndi/rmi://muhyideens-mbp:31334/jmxrmi]]

[2022-09-04T15:42:20.483+0000] [glassfish 5.0] [INFO] [] [org.hibernate.validator.internal.util.Version] [tid: _ThreadID=58 _ThreadName=admin-listener(4)] [timeMillis: 1662306140483] [levelValue: 800] [[
  HV000001: Hibernate Validator 6.0.10.Final]]

[2022-09-04T15:42:20.828+0000] [glassfish 5.0] [INFO] [AS-WEB-GLUE-00198] [javax.enterprise.web] [tid: _ThreadID=104 _ThreadName=pool-14-thread-1] [timeMillis: 1662306140828] [levelValue: 800] [[
  Created HTTP listener http-listener-2 on host/port 0.0.0.0:31329]]

[2022-09-04T15:42:20.835+0000] [glassfish 5.0] [INFO] [NCLS-CORE-00087] [javax.enterprise.system.core] [tid: _ThreadID=104 _ThreadName=pool-14-thread-1] [timeMillis: 1662306140835] [levelValue: 800] [[
  Grizzly Framework 2.4.3 started in: 1ms - bound to [/0.0.0.0:31329]]]

[2022-09-04T15:42:20.913+0000] [glassfish 5.0] [INFO] [AS-WEB-GLUE-00198] [javax.enterprise.web] [tid: _ThreadID=104 _ThreadName=pool-14-thread-1] [timeMillis: 1662306140913] [levelValue: 800] [[
  Created HTTP listener http-listener-1 on host/port 0.0.0.0:31328]]

[2022-09-04T15:42:20.916+0000] [glassfish 5.0] [INFO] [NCLS-CORE-00087] [javax.enterprise.system.core] [tid: _ThreadID=104 _ThreadName=pool-14-thread-1] [timeMillis: 1662306140916] [levelValue: 800] [[
  Grizzly Framework 2.4.3 started in: 1ms - bound to [/0.0.0.0:31328]]]

